CRITICAL - 2022-06-21 00:01:26 --> file_get_contents(api/inventarios/94//1/10): Failed to open stream: No such file or directory
#0 [internal function]: CodeIgniter\Debug\Exceptions->errorHandler(2, 'file_get_conten...', 'D:\\XAMPP\\htdocs...', 119)
#1 D:\XAMPP\htdocs\DentalControlAppDist\DentalControlPHPAppDist\app\Controllers\Inventarios.php(119): file_get_contents('api/inventarios...', false, Resource id #126)
#2 D:\XAMPP\htdocs\DentalControlAppDist\DentalControlPHPAppDist\system\CodeIgniter.php(832): App\Controllers\Inventarios->postActualizar()
#3 D:\XAMPP\htdocs\DentalControlAppDist\DentalControlPHPAppDist\system\CodeIgniter.php(419): CodeIgniter\CodeIgniter->runController(Object(App\Controllers\Inventarios))
#4 D:\XAMPP\htdocs\DentalControlAppDist\DentalControlPHPAppDist\system\CodeIgniter.php(326): CodeIgniter\CodeIgniter->handleRequest(NULL, Object(Config\Cache), false)
#5 D:\XAMPP\htdocs\DentalControlAppDist\DentalControlPHPAppDist\public\index.php(37): CodeIgniter\CodeIgniter->run()
#6 {main}
CRITICAL - 2022-06-21 00:01:26 --> Uncaught CodeIgniter\Format\Exceptions\FormatException: Failed to parse json string, error: "Type is not supported". in D:\XAMPP\htdocs\DentalControlAppDist\DentalControlPHPAppDist\system\Format\JSONFormatter.php:41
Stack trace:
#0 D:\XAMPP\htdocs\DentalControlAppDist\DentalControlPHPAppDist\system\Format\JSONFormatter.php(41): CodeIgniter\Format\Exceptions\FormatException::forInvalidJSON('Type is not sup...')
#1 D:\XAMPP\htdocs\DentalControlAppDist\DentalControlPHPAppDist\system\API\ResponseTrait.php(341): CodeIgniter\Format\JSONFormatter->format(Array)
#2 D:\XAMPP\htdocs\DentalControlAppDist\DentalControlPHPAppDist\system\API\ResponseTrait.php(99): CodeIgniter\Debug\Exceptions->format(Array)
#3 D:\XAMPP\htdocs\DentalControlAppDist\DentalControlPHPAppDist\system\Debug\Exceptions.php(115): CodeIgniter\Debug\Exceptions->respond(Array, 500)
#4 [internal function]: CodeIgniter\Debug\Exceptions->exceptionHandler(Object(ErrorException))
#5 {main}
  thrown
#0 [internal function]: CodeIgniter\Debug\Exceptions->shutdownHandler()
#1 {main}
CRITICAL - 2022-06-21 00:02:14 --> file_get_contents(api/inventarios/94/Hilo dental/1/10): Failed to open stream: No such file or directory
#0 [internal function]: CodeIgniter\Debug\Exceptions->errorHandler(2, 'file_get_conten...', 'D:\\XAMPP\\htdocs...', 119)
#1 D:\XAMPP\htdocs\DentalControlAppDist\DentalControlPHPAppDist\app\Controllers\Inventarios.php(119): file_get_contents('api/inventarios...', false, Resource id #126)
#2 D:\XAMPP\htdocs\DentalControlAppDist\DentalControlPHPAppDist\system\CodeIgniter.php(832): App\Controllers\Inventarios->postActualizar()
#3 D:\XAMPP\htdocs\DentalControlAppDist\DentalControlPHPAppDist\system\CodeIgniter.php(419): CodeIgniter\CodeIgniter->runController(Object(App\Controllers\Inventarios))
#4 D:\XAMPP\htdocs\DentalControlAppDist\DentalControlPHPAppDist\system\CodeIgniter.php(326): CodeIgniter\CodeIgniter->handleRequest(NULL, Object(Config\Cache), false)
#5 D:\XAMPP\htdocs\DentalControlAppDist\DentalControlPHPAppDist\public\index.php(37): CodeIgniter\CodeIgniter->run()
#6 {main}
CRITICAL - 2022-06-21 00:02:14 --> Uncaught CodeIgniter\Format\Exceptions\FormatException: Failed to parse json string, error: "Type is not supported". in D:\XAMPP\htdocs\DentalControlAppDist\DentalControlPHPAppDist\system\Format\JSONFormatter.php:41
Stack trace:
#0 D:\XAMPP\htdocs\DentalControlAppDist\DentalControlPHPAppDist\system\Format\JSONFormatter.php(41): CodeIgniter\Format\Exceptions\FormatException::forInvalidJSON('Type is not sup...')
#1 D:\XAMPP\htdocs\DentalControlAppDist\DentalControlPHPAppDist\system\API\ResponseTrait.php(341): CodeIgniter\Format\JSONFormatter->format(Array)
#2 D:\XAMPP\htdocs\DentalControlAppDist\DentalControlPHPAppDist\system\API\ResponseTrait.php(99): CodeIgniter\Debug\Exceptions->format(Array)
#3 D:\XAMPP\htdocs\DentalControlAppDist\DentalControlPHPAppDist\system\Debug\Exceptions.php(115): CodeIgniter\Debug\Exceptions->respond(Array, 500)
#4 [internal function]: CodeIgniter\Debug\Exceptions->exceptionHandler(Object(ErrorException))
#5 {main}
  thrown
#0 [internal function]: CodeIgniter\Debug\Exceptions->shutdownHandler()
#1 {main}
CRITICAL - 2022-06-21 00:05:20 --> file_get_contents(api/inventarios/84/Pasta dental/1/10): Failed to open stream: No such file or directory
#0 [internal function]: CodeIgniter\Debug\Exceptions->errorHandler(2, 'file_get_conten...', 'D:\\XAMPP\\htdocs...', 119)
#1 D:\XAMPP\htdocs\DentalControlAppDist\DentalControlPHPAppDist\app\Controllers\Inventarios.php(119): file_get_contents('api/inventarios...', false, Resource id #126)
#2 D:\XAMPP\htdocs\DentalControlAppDist\DentalControlPHPAppDist\system\CodeIgniter.php(832): App\Controllers\Inventarios->postActualizar()
#3 D:\XAMPP\htdocs\DentalControlAppDist\DentalControlPHPAppDist\system\CodeIgniter.php(419): CodeIgniter\CodeIgniter->runController(Object(App\Controllers\Inventarios))
#4 D:\XAMPP\htdocs\DentalControlAppDist\DentalControlPHPAppDist\system\CodeIgniter.php(326): CodeIgniter\CodeIgniter->handleRequest(NULL, Object(Config\Cache), false)
#5 D:\XAMPP\htdocs\DentalControlAppDist\DentalControlPHPAppDist\public\index.php(37): CodeIgniter\CodeIgniter->run()
#6 {main}
CRITICAL - 2022-06-21 00:05:20 --> Uncaught CodeIgniter\Format\Exceptions\FormatException: Failed to parse json string, error: "Type is not supported". in D:\XAMPP\htdocs\DentalControlAppDist\DentalControlPHPAppDist\system\Format\JSONFormatter.php:41
Stack trace:
#0 D:\XAMPP\htdocs\DentalControlAppDist\DentalControlPHPAppDist\system\Format\JSONFormatter.php(41): CodeIgniter\Format\Exceptions\FormatException::forInvalidJSON('Type is not sup...')
#1 D:\XAMPP\htdocs\DentalControlAppDist\DentalControlPHPAppDist\system\API\ResponseTrait.php(341): CodeIgniter\Format\JSONFormatter->format(Array)
#2 D:\XAMPP\htdocs\DentalControlAppDist\DentalControlPHPAppDist\system\API\ResponseTrait.php(99): CodeIgniter\Debug\Exceptions->format(Array)
#3 D:\XAMPP\htdocs\DentalControlAppDist\DentalControlPHPAppDist\system\Debug\Exceptions.php(115): CodeIgniter\Debug\Exceptions->respond(Array, 500)
#4 [internal function]: CodeIgniter\Debug\Exceptions->exceptionHandler(Object(ErrorException))
#5 {main}
  thrown
#0 [internal function]: CodeIgniter\Debug\Exceptions->shutdownHandler()
#1 {main}
CRITICAL - 2022-06-21 00:06:15 --> file_get_contents(api/inventarios/94/Hilo dental/1/10): Failed to open stream: No such file or directory
#0 [internal function]: CodeIgniter\Debug\Exceptions->errorHandler(2, 'file_get_conten...', 'D:\\XAMPP\\htdocs...', 119)
#1 D:\XAMPP\htdocs\DentalControlAppDist\DentalControlPHPAppDist\app\Controllers\Inventarios.php(119): file_get_contents('api/inventarios...', false, Resource id #126)
#2 D:\XAMPP\htdocs\DentalControlAppDist\DentalControlPHPAppDist\system\CodeIgniter.php(832): App\Controllers\Inventarios->postActualizar()
#3 D:\XAMPP\htdocs\DentalControlAppDist\DentalControlPHPAppDist\system\CodeIgniter.php(419): CodeIgniter\CodeIgniter->runController(Object(App\Controllers\Inventarios))
#4 D:\XAMPP\htdocs\DentalControlAppDist\DentalControlPHPAppDist\system\CodeIgniter.php(326): CodeIgniter\CodeIgniter->handleRequest(NULL, Object(Config\Cache), false)
#5 D:\XAMPP\htdocs\DentalControlAppDist\DentalControlPHPAppDist\public\index.php(37): CodeIgniter\CodeIgniter->run()
#6 {main}
CRITICAL - 2022-06-21 00:06:15 --> Uncaught CodeIgniter\Format\Exceptions\FormatException: Failed to parse json string, error: "Type is not supported". in D:\XAMPP\htdocs\DentalControlAppDist\DentalControlPHPAppDist\system\Format\JSONFormatter.php:41
Stack trace:
#0 D:\XAMPP\htdocs\DentalControlAppDist\DentalControlPHPAppDist\system\Format\JSONFormatter.php(41): CodeIgniter\Format\Exceptions\FormatException::forInvalidJSON('Type is not sup...')
#1 D:\XAMPP\htdocs\DentalControlAppDist\DentalControlPHPAppDist\system\API\ResponseTrait.php(341): CodeIgniter\Format\JSONFormatter->format(Array)
#2 D:\XAMPP\htdocs\DentalControlAppDist\DentalControlPHPAppDist\system\API\ResponseTrait.php(99): CodeIgniter\Debug\Exceptions->format(Array)
#3 D:\XAMPP\htdocs\DentalControlAppDist\DentalControlPHPAppDist\system\Debug\Exceptions.php(115): CodeIgniter\Debug\Exceptions->respond(Array, 500)
#4 [internal function]: CodeIgniter\Debug\Exceptions->exceptionHandler(Object(ErrorException))
#5 {main}
  thrown
#0 [internal function]: CodeIgniter\Debug\Exceptions->shutdownHandler()
#1 {main}
CRITICAL - 2022-06-21 00:12:20 --> file_get_contents(api/inventarios/104/Crema dental/1/10): Failed to open stream: No such file or directory
#0 [internal function]: CodeIgniter\Debug\Exceptions->errorHandler(2, 'file_get_conten...', 'D:\\XAMPP\\htdocs...', 115)
#1 D:\XAMPP\htdocs\DentalControlAppDist\DentalControlPHPAppDist\app\Controllers\Inventarios.php(115): file_get_contents('api/inventarios...', false, Resource id #126)
#2 D:\XAMPP\htdocs\DentalControlAppDist\DentalControlPHPAppDist\system\CodeIgniter.php(832): App\Controllers\Inventarios->postActualizar()
#3 D:\XAMPP\htdocs\DentalControlAppDist\DentalControlPHPAppDist\system\CodeIgniter.php(419): CodeIgniter\CodeIgniter->runController(Object(App\Controllers\Inventarios))
#4 D:\XAMPP\htdocs\DentalControlAppDist\DentalControlPHPAppDist\system\CodeIgniter.php(326): CodeIgniter\CodeIgniter->handleRequest(NULL, Object(Config\Cache), false)
#5 D:\XAMPP\htdocs\DentalControlAppDist\DentalControlPHPAppDist\public\index.php(37): CodeIgniter\CodeIgniter->run()
#6 {main}
CRITICAL - 2022-06-21 00:12:20 --> Uncaught CodeIgniter\Format\Exceptions\FormatException: Failed to parse json string, error: "Type is not supported". in D:\XAMPP\htdocs\DentalControlAppDist\DentalControlPHPAppDist\system\Format\JSONFormatter.php:41
Stack trace:
#0 D:\XAMPP\htdocs\DentalControlAppDist\DentalControlPHPAppDist\system\Format\JSONFormatter.php(41): CodeIgniter\Format\Exceptions\FormatException::forInvalidJSON('Type is not sup...')
#1 D:\XAMPP\htdocs\DentalControlAppDist\DentalControlPHPAppDist\system\API\ResponseTrait.php(341): CodeIgniter\Format\JSONFormatter->format(Array)
#2 D:\XAMPP\htdocs\DentalControlAppDist\DentalControlPHPAppDist\system\API\ResponseTrait.php(99): CodeIgniter\Debug\Exceptions->format(Array)
#3 D:\XAMPP\htdocs\DentalControlAppDist\DentalControlPHPAppDist\system\Debug\Exceptions.php(115): CodeIgniter\Debug\Exceptions->respond(Array, 500)
#4 [internal function]: CodeIgniter\Debug\Exceptions->exceptionHandler(Object(ErrorException))
#5 {main}
  thrown
#0 [internal function]: CodeIgniter\Debug\Exceptions->shutdownHandler()
#1 {main}
CRITICAL - 2022-06-21 00:13:08 --> Undefined array key "POST"
#0 D:\XAMPP\htdocs\DentalControlAppDist\DentalControlPHPAppDist\app\Controllers\Inventarios.php(103): CodeIgniter\Debug\Exceptions->errorHandler(2, 'Undefined array...', 'D:\\XAMPP\\htdocs...', 103)
#1 D:\XAMPP\htdocs\DentalControlAppDist\DentalControlPHPAppDist\system\CodeIgniter.php(832): App\Controllers\Inventarios->postActualizar()
#2 D:\XAMPP\htdocs\DentalControlAppDist\DentalControlPHPAppDist\system\CodeIgniter.php(419): CodeIgniter\CodeIgniter->runController(Object(App\Controllers\Inventarios))
#3 D:\XAMPP\htdocs\DentalControlAppDist\DentalControlPHPAppDist\system\CodeIgniter.php(326): CodeIgniter\CodeIgniter->handleRequest(NULL, Object(Config\Cache), false)
#4 D:\XAMPP\htdocs\DentalControlAppDist\DentalControlPHPAppDist\public\index.php(37): CodeIgniter\CodeIgniter->run()
#5 {main}
CRITICAL - 2022-06-21 00:19:33 --> Undefined array key "POST"
#0 D:\XAMPP\htdocs\DentalControlAppDist\DentalControlPHPAppDist\app\Controllers\Inventarios.php(103): CodeIgniter\Debug\Exceptions->errorHandler(2, 'Undefined array...', 'D:\\XAMPP\\htdocs...', 103)
#1 D:\XAMPP\htdocs\DentalControlAppDist\DentalControlPHPAppDist\system\CodeIgniter.php(832): App\Controllers\Inventarios->postActualizar()
#2 D:\XAMPP\htdocs\DentalControlAppDist\DentalControlPHPAppDist\system\CodeIgniter.php(419): CodeIgniter\CodeIgniter->runController(Object(App\Controllers\Inventarios))
#3 D:\XAMPP\htdocs\DentalControlAppDist\DentalControlPHPAppDist\system\CodeIgniter.php(326): CodeIgniter\CodeIgniter->handleRequest(NULL, Object(Config\Cache), false)
#4 D:\XAMPP\htdocs\DentalControlAppDist\DentalControlPHPAppDist\public\index.php(37): CodeIgniter\CodeIgniter->run()
#5 {main}
CRITICAL - 2022-06-21 00:20:41 --> Undefined array key "POST"
#0 D:\XAMPP\htdocs\DentalControlAppDist\DentalControlPHPAppDist\app\Controllers\Inventarios.php(103): CodeIgniter\Debug\Exceptions->errorHandler(2, 'Undefined array...', 'D:\\XAMPP\\htdocs...', 103)
#1 D:\XAMPP\htdocs\DentalControlAppDist\DentalControlPHPAppDist\system\CodeIgniter.php(832): App\Controllers\Inventarios->postActualizar()
#2 D:\XAMPP\htdocs\DentalControlAppDist\DentalControlPHPAppDist\system\CodeIgniter.php(419): CodeIgniter\CodeIgniter->runController(Object(App\Controllers\Inventarios))
#3 D:\XAMPP\htdocs\DentalControlAppDist\DentalControlPHPAppDist\system\CodeIgniter.php(326): CodeIgniter\CodeIgniter->handleRequest(NULL, Object(Config\Cache), false)
#4 D:\XAMPP\htdocs\DentalControlAppDist\DentalControlPHPAppDist\public\index.php(37): CodeIgniter\CodeIgniter->run()
#5 {main}
CRITICAL - 2022-06-21 00:21:39 --> Undefined array key "POST"
#0 D:\XAMPP\htdocs\DentalControlAppDist\DentalControlPHPAppDist\app\Controllers\Inventarios.php(103): CodeIgniter\Debug\Exceptions->errorHandler(2, 'Undefined array...', 'D:\\XAMPP\\htdocs...', 103)
#1 D:\XAMPP\htdocs\DentalControlAppDist\DentalControlPHPAppDist\system\CodeIgniter.php(832): App\Controllers\Inventarios->postActualizar()
#2 D:\XAMPP\htdocs\DentalControlAppDist\DentalControlPHPAppDist\system\CodeIgniter.php(419): CodeIgniter\CodeIgniter->runController(Object(App\Controllers\Inventarios))
#3 D:\XAMPP\htdocs\DentalControlAppDist\DentalControlPHPAppDist\system\CodeIgniter.php(326): CodeIgniter\CodeIgniter->handleRequest(NULL, Object(Config\Cache), false)
#4 D:\XAMPP\htdocs\DentalControlAppDist\DentalControlPHPAppDist\public\index.php(37): CodeIgniter\CodeIgniter->run()
#5 {main}
CRITICAL - 2022-06-21 00:22:45 --> Undefined array key "POST"
#0 D:\XAMPP\htdocs\DentalControlAppDist\DentalControlPHPAppDist\app\Controllers\Inventarios.php(103): CodeIgniter\Debug\Exceptions->errorHandler(2, 'Undefined array...', 'D:\\XAMPP\\htdocs...', 103)
#1 D:\XAMPP\htdocs\DentalControlAppDist\DentalControlPHPAppDist\system\CodeIgniter.php(832): App\Controllers\Inventarios->postActualizar()
#2 D:\XAMPP\htdocs\DentalControlAppDist\DentalControlPHPAppDist\system\CodeIgniter.php(419): CodeIgniter\CodeIgniter->runController(Object(App\Controllers\Inventarios))
#3 D:\XAMPP\htdocs\DentalControlAppDist\DentalControlPHPAppDist\system\CodeIgniter.php(326): CodeIgniter\CodeIgniter->handleRequest(NULL, Object(Config\Cache), false)
#4 D:\XAMPP\htdocs\DentalControlAppDist\DentalControlPHPAppDist\public\index.php(37): CodeIgniter\CodeIgniter->run()
#5 {main}
CRITICAL - 2022-06-21 00:24:34 --> Undefined array key "POST"
#0 D:\XAMPP\htdocs\DentalControlAppDist\DentalControlPHPAppDist\app\Controllers\Inventarios.php(103): CodeIgniter\Debug\Exceptions->errorHandler(2, 'Undefined array...', 'D:\\XAMPP\\htdocs...', 103)
#1 D:\XAMPP\htdocs\DentalControlAppDist\DentalControlPHPAppDist\system\CodeIgniter.php(832): App\Controllers\Inventarios->postActualizar()
#2 D:\XAMPP\htdocs\DentalControlAppDist\DentalControlPHPAppDist\system\CodeIgniter.php(419): CodeIgniter\CodeIgniter->runController(Object(App\Controllers\Inventarios))
#3 D:\XAMPP\htdocs\DentalControlAppDist\DentalControlPHPAppDist\system\CodeIgniter.php(326): CodeIgniter\CodeIgniter->handleRequest(NULL, Object(Config\Cache), false)
#4 D:\XAMPP\htdocs\DentalControlAppDist\DentalControlPHPAppDist\public\index.php(37): CodeIgniter\CodeIgniter->run()
#5 {main}
CRITICAL - 2022-06-21 00:25:23 --> Undefined array key "POST"
#0 D:\XAMPP\htdocs\DentalControlAppDist\DentalControlPHPAppDist\app\Controllers\Inventarios.php(103): CodeIgniter\Debug\Exceptions->errorHandler(2, 'Undefined array...', 'D:\\XAMPP\\htdocs...', 103)
#1 D:\XAMPP\htdocs\DentalControlAppDist\DentalControlPHPAppDist\system\CodeIgniter.php(832): App\Controllers\Inventarios->postActualizar()
#2 D:\XAMPP\htdocs\DentalControlAppDist\DentalControlPHPAppDist\system\CodeIgniter.php(419): CodeIgniter\CodeIgniter->runController(Object(App\Controllers\Inventarios))
#3 D:\XAMPP\htdocs\DentalControlAppDist\DentalControlPHPAppDist\system\CodeIgniter.php(326): CodeIgniter\CodeIgniter->handleRequest(NULL, Object(Config\Cache), false)
#4 D:\XAMPP\htdocs\DentalControlAppDist\DentalControlPHPAppDist\public\index.php(37): CodeIgniter\CodeIgniter->run()
#5 {main}
CRITICAL - 2022-06-21 00:26:37 --> Undefined array key "data"
#0 D:\XAMPP\htdocs\DentalControlAppDist\DentalControlPHPAppDist\app\Controllers\Inventarios.php(103): CodeIgniter\Debug\Exceptions->errorHandler(2, 'Undefined array...', 'D:\\XAMPP\\htdocs...', 103)
#1 D:\XAMPP\htdocs\DentalControlAppDist\DentalControlPHPAppDist\system\CodeIgniter.php(832): App\Controllers\Inventarios->postActualizar()
#2 D:\XAMPP\htdocs\DentalControlAppDist\DentalControlPHPAppDist\system\CodeIgniter.php(419): CodeIgniter\CodeIgniter->runController(Object(App\Controllers\Inventarios))
#3 D:\XAMPP\htdocs\DentalControlAppDist\DentalControlPHPAppDist\system\CodeIgniter.php(326): CodeIgniter\CodeIgniter->handleRequest(NULL, Object(Config\Cache), false)
#4 D:\XAMPP\htdocs\DentalControlAppDist\DentalControlPHPAppDist\public\index.php(37): CodeIgniter\CodeIgniter->run()
#5 {main}
CRITICAL - 2022-06-21 00:28:55 --> file_get_contents(api/inventarios/Postinventario84/Pasta dental/1/20): Failed to open stream: No such file or directory
#0 [internal function]: CodeIgniter\Debug\Exceptions->errorHandler(2, 'file_get_conten...', 'D:\\XAMPP\\htdocs...', 122)
#1 D:\XAMPP\htdocs\DentalControlAppDist\DentalControlPHPAppDist\app\Controllers\Inventarios.php(122): file_get_contents('api/inventarios...', false, Resource id #126)
#2 D:\XAMPP\htdocs\DentalControlAppDist\DentalControlPHPAppDist\system\CodeIgniter.php(832): App\Controllers\Inventarios->postActualizar()
#3 D:\XAMPP\htdocs\DentalControlAppDist\DentalControlPHPAppDist\system\CodeIgniter.php(419): CodeIgniter\CodeIgniter->runController(Object(App\Controllers\Inventarios))
#4 D:\XAMPP\htdocs\DentalControlAppDist\DentalControlPHPAppDist\system\CodeIgniter.php(326): CodeIgniter\CodeIgniter->handleRequest(NULL, Object(Config\Cache), false)
#5 D:\XAMPP\htdocs\DentalControlAppDist\DentalControlPHPAppDist\public\index.php(37): CodeIgniter\CodeIgniter->run()
#6 {main}
CRITICAL - 2022-06-21 00:28:55 --> Uncaught CodeIgniter\Format\Exceptions\FormatException: Failed to parse json string, error: "Type is not supported". in D:\XAMPP\htdocs\DentalControlAppDist\DentalControlPHPAppDist\system\Format\JSONFormatter.php:41
Stack trace:
#0 D:\XAMPP\htdocs\DentalControlAppDist\DentalControlPHPAppDist\system\Format\JSONFormatter.php(41): CodeIgniter\Format\Exceptions\FormatException::forInvalidJSON('Type is not sup...')
#1 D:\XAMPP\htdocs\DentalControlAppDist\DentalControlPHPAppDist\system\API\ResponseTrait.php(341): CodeIgniter\Format\JSONFormatter->format(Array)
#2 D:\XAMPP\htdocs\DentalControlAppDist\DentalControlPHPAppDist\system\API\ResponseTrait.php(99): CodeIgniter\Debug\Exceptions->format(Array)
#3 D:\XAMPP\htdocs\DentalControlAppDist\DentalControlPHPAppDist\system\Debug\Exceptions.php(115): CodeIgniter\Debug\Exceptions->respond(Array, 500)
#4 [internal function]: CodeIgniter\Debug\Exceptions->exceptionHandler(Object(ErrorException))
#5 {main}
  thrown
#0 [internal function]: CodeIgniter\Debug\Exceptions->shutdownHandler()
#1 {main}
CRITICAL - 2022-06-21 00:39:44 --> file_get_contents(api/inventarios/Postinventario84/Pasta dental/1/10): Failed to open stream: No such file or directory
#0 [internal function]: CodeIgniter\Debug\Exceptions->errorHandler(2, 'file_get_conten...', 'D:\\XAMPP\\htdocs...', 120)
#1 D:\XAMPP\htdocs\DentalControlAppDist\DentalControlPHPAppDist\app\Controllers\Inventarios.php(120): file_get_contents('api/inventarios...', false, Resource id #126)
#2 D:\XAMPP\htdocs\DentalControlAppDist\DentalControlPHPAppDist\system\CodeIgniter.php(832): App\Controllers\Inventarios->postActualizar()
#3 D:\XAMPP\htdocs\DentalControlAppDist\DentalControlPHPAppDist\system\CodeIgniter.php(419): CodeIgniter\CodeIgniter->runController(Object(App\Controllers\Inventarios))
#4 D:\XAMPP\htdocs\DentalControlAppDist\DentalControlPHPAppDist\system\CodeIgniter.php(326): CodeIgniter\CodeIgniter->handleRequest(NULL, Object(Config\Cache), false)
#5 D:\XAMPP\htdocs\DentalControlAppDist\DentalControlPHPAppDist\public\index.php(37): CodeIgniter\CodeIgniter->run()
#6 {main}
CRITICAL - 2022-06-21 00:39:44 --> Uncaught CodeIgniter\Format\Exceptions\FormatException: Failed to parse json string, error: "Type is not supported". in D:\XAMPP\htdocs\DentalControlAppDist\DentalControlPHPAppDist\system\Format\JSONFormatter.php:41
Stack trace:
#0 D:\XAMPP\htdocs\DentalControlAppDist\DentalControlPHPAppDist\system\Format\JSONFormatter.php(41): CodeIgniter\Format\Exceptions\FormatException::forInvalidJSON('Type is not sup...')
#1 D:\XAMPP\htdocs\DentalControlAppDist\DentalControlPHPAppDist\system\API\ResponseTrait.php(341): CodeIgniter\Format\JSONFormatter->format(Array)
#2 D:\XAMPP\htdocs\DentalControlAppDist\DentalControlPHPAppDist\system\API\ResponseTrait.php(99): CodeIgniter\Debug\Exceptions->format(Array)
#3 D:\XAMPP\htdocs\DentalControlAppDist\DentalControlPHPAppDist\system\Debug\Exceptions.php(115): CodeIgniter\Debug\Exceptions->respond(Array, 500)
#4 [internal function]: CodeIgniter\Debug\Exceptions->exceptionHandler(Object(ErrorException))
#5 {main}
  thrown
#0 [internal function]: CodeIgniter\Debug\Exceptions->shutdownHandler()
#1 {main}
CRITICAL - 2022-06-21 00:41:40 --> file_get_contents(api/inventarios/Postinventario104/Crema dental/1/10): Failed to open stream: No such file or directory
#0 [internal function]: CodeIgniter\Debug\Exceptions->errorHandler(2, 'file_get_conten...', 'D:\\XAMPP\\htdocs...', 120)
#1 D:\XAMPP\htdocs\DentalControlAppDist\DentalControlPHPAppDist\app\Controllers\Inventarios.php(120): file_get_contents('api/inventarios...', false, Resource id #126)
#2 D:\XAMPP\htdocs\DentalControlAppDist\DentalControlPHPAppDist\system\CodeIgniter.php(832): App\Controllers\Inventarios->postActualizar()
#3 D:\XAMPP\htdocs\DentalControlAppDist\DentalControlPHPAppDist\system\CodeIgniter.php(419): CodeIgniter\CodeIgniter->runController(Object(App\Controllers\Inventarios))
#4 D:\XAMPP\htdocs\DentalControlAppDist\DentalControlPHPAppDist\system\CodeIgniter.php(326): CodeIgniter\CodeIgniter->handleRequest(NULL, Object(Config\Cache), false)
#5 D:\XAMPP\htdocs\DentalControlAppDist\DentalControlPHPAppDist\public\index.php(37): CodeIgniter\CodeIgniter->run()
#6 {main}
CRITICAL - 2022-06-21 00:41:40 --> Uncaught CodeIgniter\Format\Exceptions\FormatException: Failed to parse json string, error: "Type is not supported". in D:\XAMPP\htdocs\DentalControlAppDist\DentalControlPHPAppDist\system\Format\JSONFormatter.php:41
Stack trace:
#0 D:\XAMPP\htdocs\DentalControlAppDist\DentalControlPHPAppDist\system\Format\JSONFormatter.php(41): CodeIgniter\Format\Exceptions\FormatException::forInvalidJSON('Type is not sup...')
#1 D:\XAMPP\htdocs\DentalControlAppDist\DentalControlPHPAppDist\system\API\ResponseTrait.php(341): CodeIgniter\Format\JSONFormatter->format(Array)
#2 D:\XAMPP\htdocs\DentalControlAppDist\DentalControlPHPAppDist\system\API\ResponseTrait.php(99): CodeIgniter\Debug\Exceptions->format(Array)
#3 D:\XAMPP\htdocs\DentalControlAppDist\DentalControlPHPAppDist\system\Debug\Exceptions.php(115): CodeIgniter\Debug\Exceptions->respond(Array, 500)
#4 [internal function]: CodeIgniter\Debug\Exceptions->exceptionHandler(Object(ErrorException))
#5 {main}
  thrown
#0 [internal function]: CodeIgniter\Debug\Exceptions->shutdownHandler()
#1 {main}
CRITICAL - 2022-06-21 01:03:38 --> log_message(): Argument #2 ($message) must be of type string, array given, called in D:\XAMPP\htdocs\DentalControlAppDist\DentalControlPHPAppDist\app\Controllers\Inventarios.php on line 104
#0 D:\XAMPP\htdocs\DentalControlAppDist\DentalControlPHPAppDist\app\Controllers\Inventarios.php(104): log_message('error', Array)
#1 D:\XAMPP\htdocs\DentalControlAppDist\DentalControlPHPAppDist\system\CodeIgniter.php(832): App\Controllers\Inventarios->postActualizar()
#2 D:\XAMPP\htdocs\DentalControlAppDist\DentalControlPHPAppDist\system\CodeIgniter.php(419): CodeIgniter\CodeIgniter->runController(Object(App\Controllers\Inventarios))
#3 D:\XAMPP\htdocs\DentalControlAppDist\DentalControlPHPAppDist\system\CodeIgniter.php(326): CodeIgniter\CodeIgniter->handleRequest(NULL, Object(Config\Cache), false)
#4 D:\XAMPP\htdocs\DentalControlAppDist\DentalControlPHPAppDist\public\index.php(37): CodeIgniter\CodeIgniter->run()
#5 {main}
CRITICAL - 2022-06-21 01:12:41 --> file_get_contents(api/inventarios/Postinventario94/Hilo dental/1/10): Failed to open stream: No such file or directory
#0 [internal function]: CodeIgniter\Debug\Exceptions->errorHandler(2, 'file_get_conten...', 'D:\\XAMPP\\htdocs...', 122)
#1 D:\XAMPP\htdocs\DentalControlAppDist\DentalControlPHPAppDist\app\Controllers\Inventarios.php(122): file_get_contents('api/inventarios...', false, Resource id #126)
#2 D:\XAMPP\htdocs\DentalControlAppDist\DentalControlPHPAppDist\system\CodeIgniter.php(832): App\Controllers\Inventarios->postActualizar()
#3 D:\XAMPP\htdocs\DentalControlAppDist\DentalControlPHPAppDist\system\CodeIgniter.php(419): CodeIgniter\CodeIgniter->runController(Object(App\Controllers\Inventarios))
#4 D:\XAMPP\htdocs\DentalControlAppDist\DentalControlPHPAppDist\system\CodeIgniter.php(326): CodeIgniter\CodeIgniter->handleRequest(NULL, Object(Config\Cache), false)
#5 D:\XAMPP\htdocs\DentalControlAppDist\DentalControlPHPAppDist\public\index.php(37): CodeIgniter\CodeIgniter->run()
#6 {main}
CRITICAL - 2022-06-21 01:12:41 --> Uncaught CodeIgniter\Format\Exceptions\FormatException: Failed to parse json string, error: "Type is not supported". in D:\XAMPP\htdocs\DentalControlAppDist\DentalControlPHPAppDist\system\Format\JSONFormatter.php:41
Stack trace:
#0 D:\XAMPP\htdocs\DentalControlAppDist\DentalControlPHPAppDist\system\Format\JSONFormatter.php(41): CodeIgniter\Format\Exceptions\FormatException::forInvalidJSON('Type is not sup...')
#1 D:\XAMPP\htdocs\DentalControlAppDist\DentalControlPHPAppDist\system\API\ResponseTrait.php(341): CodeIgniter\Format\JSONFormatter->format(Array)
#2 D:\XAMPP\htdocs\DentalControlAppDist\DentalControlPHPAppDist\system\API\ResponseTrait.php(99): CodeIgniter\Debug\Exceptions->format(Array)
#3 D:\XAMPP\htdocs\DentalControlAppDist\DentalControlPHPAppDist\system\Debug\Exceptions.php(115): CodeIgniter\Debug\Exceptions->respond(Array, 500)
#4 [internal function]: CodeIgniter\Debug\Exceptions->exceptionHandler(Object(ErrorException))
#5 {main}
  thrown
#0 [internal function]: CodeIgniter\Debug\Exceptions->shutdownHandler()
#1 {main}
CRITICAL - 2022-06-21 01:14:30 --> file_get_contents(api/inventarios/Postinventario84/Pasta dental/1/20): Failed to open stream: No such file or directory
#0 [internal function]: CodeIgniter\Debug\Exceptions->errorHandler(2, 'file_get_conten...', 'D:\\XAMPP\\htdocs...', 126)
#1 D:\XAMPP\htdocs\DentalControlAppDist\DentalControlPHPAppDist\app\Controllers\Inventarios.php(126): file_get_contents('api/inventarios...', false, Resource id #126)
#2 D:\XAMPP\htdocs\DentalControlAppDist\DentalControlPHPAppDist\system\CodeIgniter.php(832): App\Controllers\Inventarios->postActualizar()
#3 D:\XAMPP\htdocs\DentalControlAppDist\DentalControlPHPAppDist\system\CodeIgniter.php(419): CodeIgniter\CodeIgniter->runController(Object(App\Controllers\Inventarios))
#4 D:\XAMPP\htdocs\DentalControlAppDist\DentalControlPHPAppDist\system\CodeIgniter.php(326): CodeIgniter\CodeIgniter->handleRequest(NULL, Object(Config\Cache), false)
#5 D:\XAMPP\htdocs\DentalControlAppDist\DentalControlPHPAppDist\public\index.php(37): CodeIgniter\CodeIgniter->run()
#6 {main}
CRITICAL - 2022-06-21 01:14:30 --> Uncaught CodeIgniter\Format\Exceptions\FormatException: Failed to parse json string, error: "Type is not supported". in D:\XAMPP\htdocs\DentalControlAppDist\DentalControlPHPAppDist\system\Format\JSONFormatter.php:41
Stack trace:
#0 D:\XAMPP\htdocs\DentalControlAppDist\DentalControlPHPAppDist\system\Format\JSONFormatter.php(41): CodeIgniter\Format\Exceptions\FormatException::forInvalidJSON('Type is not sup...')
#1 D:\XAMPP\htdocs\DentalControlAppDist\DentalControlPHPAppDist\system\API\ResponseTrait.php(341): CodeIgniter\Format\JSONFormatter->format(Array)
#2 D:\XAMPP\htdocs\DentalControlAppDist\DentalControlPHPAppDist\system\API\ResponseTrait.php(99): CodeIgniter\Debug\Exceptions->format(Array)
#3 D:\XAMPP\htdocs\DentalControlAppDist\DentalControlPHPAppDist\system\Debug\Exceptions.php(115): CodeIgniter\Debug\Exceptions->respond(Array, 500)
#4 [internal function]: CodeIgniter\Debug\Exceptions->exceptionHandler(Object(ErrorException))
#5 {main}
  thrown
#0 [internal function]: CodeIgniter\Debug\Exceptions->shutdownHandler()
#1 {main}
CRITICAL - 2022-06-21 01:19:31 --> file_get_contents(api/inventarios/Postinventario): Failed to open stream: No such file or directory
#0 [internal function]: CodeIgniter\Debug\Exceptions->errorHandler(2, 'file_get_conten...', 'D:\\XAMPP\\htdocs...', 134)
#1 D:\XAMPP\htdocs\DentalControlAppDist\DentalControlPHPAppDist\app\Controllers\Inventarios.php(134): file_get_contents('api/inventarios...', false, Resource id #126)
#2 D:\XAMPP\htdocs\DentalControlAppDist\DentalControlPHPAppDist\system\CodeIgniter.php(832): App\Controllers\Inventarios->postActualizar()
#3 D:\XAMPP\htdocs\DentalControlAppDist\DentalControlPHPAppDist\system\CodeIgniter.php(419): CodeIgniter\CodeIgniter->runController(Object(App\Controllers\Inventarios))
#4 D:\XAMPP\htdocs\DentalControlAppDist\DentalControlPHPAppDist\system\CodeIgniter.php(326): CodeIgniter\CodeIgniter->handleRequest(NULL, Object(Config\Cache), false)
#5 D:\XAMPP\htdocs\DentalControlAppDist\DentalControlPHPAppDist\public\index.php(37): CodeIgniter\CodeIgniter->run()
#6 {main}
CRITICAL - 2022-06-21 01:19:31 --> Uncaught CodeIgniter\Format\Exceptions\FormatException: Failed to parse json string, error: "Type is not supported". in D:\XAMPP\htdocs\DentalControlAppDist\DentalControlPHPAppDist\system\Format\JSONFormatter.php:41
Stack trace:
#0 D:\XAMPP\htdocs\DentalControlAppDist\DentalControlPHPAppDist\system\Format\JSONFormatter.php(41): CodeIgniter\Format\Exceptions\FormatException::forInvalidJSON('Type is not sup...')
#1 D:\XAMPP\htdocs\DentalControlAppDist\DentalControlPHPAppDist\system\API\ResponseTrait.php(341): CodeIgniter\Format\JSONFormatter->format(Array)
#2 D:\XAMPP\htdocs\DentalControlAppDist\DentalControlPHPAppDist\system\API\ResponseTrait.php(99): CodeIgniter\Debug\Exceptions->format(Array)
#3 D:\XAMPP\htdocs\DentalControlAppDist\DentalControlPHPAppDist\system\Debug\Exceptions.php(115): CodeIgniter\Debug\Exceptions->respond(Array, 500)
#4 [internal function]: CodeIgniter\Debug\Exceptions->exceptionHandler(Object(ErrorException))
#5 {main}
  thrown
#0 [internal function]: CodeIgniter\Debug\Exceptions->shutdownHandler()
#1 {main}
CRITICAL - 2022-06-21 01:20:30 --> file_get_contents(api/inventarios/Postinventario): Failed to open stream: No such file or directory
#0 [internal function]: CodeIgniter\Debug\Exceptions->errorHandler(2, 'file_get_conten...', 'D:\\XAMPP\\htdocs...', 134)
#1 D:\XAMPP\htdocs\DentalControlAppDist\DentalControlPHPAppDist\app\Controllers\Inventarios.php(134): file_get_contents('api/inventarios...', false, Resource id #126)
#2 D:\XAMPP\htdocs\DentalControlAppDist\DentalControlPHPAppDist\system\CodeIgniter.php(832): App\Controllers\Inventarios->postActualizar()
#3 D:\XAMPP\htdocs\DentalControlAppDist\DentalControlPHPAppDist\system\CodeIgniter.php(419): CodeIgniter\CodeIgniter->runController(Object(App\Controllers\Inventarios))
#4 D:\XAMPP\htdocs\DentalControlAppDist\DentalControlPHPAppDist\system\CodeIgniter.php(326): CodeIgniter\CodeIgniter->handleRequest(NULL, Object(Config\Cache), false)
#5 D:\XAMPP\htdocs\DentalControlAppDist\DentalControlPHPAppDist\public\index.php(37): CodeIgniter\CodeIgniter->run()
#6 {main}
CRITICAL - 2022-06-21 01:20:30 --> Uncaught CodeIgniter\Format\Exceptions\FormatException: Failed to parse json string, error: "Type is not supported". in D:\XAMPP\htdocs\DentalControlAppDist\DentalControlPHPAppDist\system\Format\JSONFormatter.php:41
Stack trace:
#0 D:\XAMPP\htdocs\DentalControlAppDist\DentalControlPHPAppDist\system\Format\JSONFormatter.php(41): CodeIgniter\Format\Exceptions\FormatException::forInvalidJSON('Type is not sup...')
#1 D:\XAMPP\htdocs\DentalControlAppDist\DentalControlPHPAppDist\system\API\ResponseTrait.php(341): CodeIgniter\Format\JSONFormatter->format(Array)
#2 D:\XAMPP\htdocs\DentalControlAppDist\DentalControlPHPAppDist\system\API\ResponseTrait.php(99): CodeIgniter\Debug\Exceptions->format(Array)
#3 D:\XAMPP\htdocs\DentalControlAppDist\DentalControlPHPAppDist\system\Debug\Exceptions.php(115): CodeIgniter\Debug\Exceptions->respond(Array, 500)
#4 [internal function]: CodeIgniter\Debug\Exceptions->exceptionHandler(Object(ErrorException))
#5 {main}
  thrown
#0 [internal function]: CodeIgniter\Debug\Exceptions->shutdownHandler()
#1 {main}
ERROR - 2022-06-21 10:21:15 --> [Microsoft][ODBC Driver 17 for SQL Server][SQL Server]Conversion failed when converting the varchar value 'paquete' to data type int.
CRITICAL - 2022-06-21 10:21:15 --> [Microsoft][ODBC Driver 17 for SQL Server][SQL Server]Conversion failed when converting the varchar value 'paquete' to data type int.
#0 D:\XAMPP\htdocs\DentalControlAppDist\DentalControlPHPAppDist\system\Database\BaseConnection.php(670): CodeIgniter\Database\SQLSRV\Connection->execute('DELETE FROM "De...')
#1 D:\XAMPP\htdocs\DentalControlAppDist\DentalControlPHPAppDist\system\Database\BaseConnection.php(598): CodeIgniter\Database\BaseConnection->simpleQuery('DELETE FROM "De...')
#2 D:\XAMPP\htdocs\DentalControlAppDist\DentalControlPHPAppDist\system\Database\SQLSRV\Builder.php(539): CodeIgniter\Database\BaseConnection->query('DELETE FROM "De...', Array, false)
#3 D:\XAMPP\htdocs\DentalControlAppDist\DentalControlPHPAppDist\system\Model.php(359): CodeIgniter\Database\SQLSRV\Builder->delete()
#4 D:\XAMPP\htdocs\DentalControlAppDist\DentalControlPHPAppDist\system\BaseModel.php(963): CodeIgniter\Model->doDelete(Array, false)
#5 D:\XAMPP\htdocs\DentalControlAppDist\DentalControlPHPAppDist\app\Controllers\Inventarios.php(192): CodeIgniter\BaseModel->delete(Array)
#6 D:\XAMPP\htdocs\DentalControlAppDist\DentalControlPHPAppDist\system\CodeIgniter.php(832): App\Controllers\Inventarios->borrarProducto()
#7 D:\XAMPP\htdocs\DentalControlAppDist\DentalControlPHPAppDist\system\CodeIgniter.php(419): CodeIgniter\CodeIgniter->runController(Object(App\Controllers\Inventarios))
#8 D:\XAMPP\htdocs\DentalControlAppDist\DentalControlPHPAppDist\system\CodeIgniter.php(326): CodeIgniter\CodeIgniter->handleRequest(NULL, Object(Config\Cache), false)
#9 D:\XAMPP\htdocs\DentalControlAppDist\DentalControlPHPAppDist\public\index.php(37): CodeIgniter\CodeIgniter->run()
#10 {main}
ERROR - 2022-06-21 10:21:29 --> [Microsoft][ODBC Driver 17 for SQL Server][SQL Server]Conversion failed when converting the varchar value 'paquete' to data type int.
CRITICAL - 2022-06-21 10:21:29 --> [Microsoft][ODBC Driver 17 for SQL Server][SQL Server]Conversion failed when converting the varchar value 'paquete' to data type int.
#0 D:\XAMPP\htdocs\DentalControlAppDist\DentalControlPHPAppDist\system\Database\BaseConnection.php(670): CodeIgniter\Database\SQLSRV\Connection->execute('DELETE FROM "De...')
#1 D:\XAMPP\htdocs\DentalControlAppDist\DentalControlPHPAppDist\system\Database\BaseConnection.php(598): CodeIgniter\Database\BaseConnection->simpleQuery('DELETE FROM "De...')
#2 D:\XAMPP\htdocs\DentalControlAppDist\DentalControlPHPAppDist\system\Database\SQLSRV\Builder.php(539): CodeIgniter\Database\BaseConnection->query('DELETE FROM "De...', Array, false)
#3 D:\XAMPP\htdocs\DentalControlAppDist\DentalControlPHPAppDist\system\Model.php(359): CodeIgniter\Database\SQLSRV\Builder->delete()
#4 D:\XAMPP\htdocs\DentalControlAppDist\DentalControlPHPAppDist\system\BaseModel.php(963): CodeIgniter\Model->doDelete(Array, false)
#5 D:\XAMPP\htdocs\DentalControlAppDist\DentalControlPHPAppDist\app\Controllers\Inventarios.php(192): CodeIgniter\BaseModel->delete(Array)
#6 D:\XAMPP\htdocs\DentalControlAppDist\DentalControlPHPAppDist\system\CodeIgniter.php(832): App\Controllers\Inventarios->borrarProducto()
#7 D:\XAMPP\htdocs\DentalControlAppDist\DentalControlPHPAppDist\system\CodeIgniter.php(419): CodeIgniter\CodeIgniter->runController(Object(App\Controllers\Inventarios))
#8 D:\XAMPP\htdocs\DentalControlAppDist\DentalControlPHPAppDist\system\CodeIgniter.php(326): CodeIgniter\CodeIgniter->handleRequest(NULL, Object(Config\Cache), false)
#9 D:\XAMPP\htdocs\DentalControlAppDist\DentalControlPHPAppDist\public\index.php(37): CodeIgniter\CodeIgniter->run()
#10 {main}
ERROR - 2022-06-21 10:22:11 --> [Microsoft][ODBC Driver 17 for SQL Server][SQL Server]Conversion failed when converting the varchar value 'paquete' to data type int.
CRITICAL - 2022-06-21 10:22:11 --> [Microsoft][ODBC Driver 17 for SQL Server][SQL Server]Conversion failed when converting the varchar value 'paquete' to data type int.
#0 D:\XAMPP\htdocs\DentalControlAppDist\DentalControlPHPAppDist\system\Database\BaseConnection.php(670): CodeIgniter\Database\SQLSRV\Connection->execute('DELETE FROM "De...')
#1 D:\XAMPP\htdocs\DentalControlAppDist\DentalControlPHPAppDist\system\Database\BaseConnection.php(598): CodeIgniter\Database\BaseConnection->simpleQuery('DELETE FROM "De...')
#2 D:\XAMPP\htdocs\DentalControlAppDist\DentalControlPHPAppDist\system\Database\SQLSRV\Builder.php(539): CodeIgniter\Database\BaseConnection->query('DELETE FROM "De...', Array, false)
#3 D:\XAMPP\htdocs\DentalControlAppDist\DentalControlPHPAppDist\system\Model.php(359): CodeIgniter\Database\SQLSRV\Builder->delete()
#4 D:\XAMPP\htdocs\DentalControlAppDist\DentalControlPHPAppDist\system\BaseModel.php(963): CodeIgniter\Model->doDelete(Array, false)
#5 D:\XAMPP\htdocs\DentalControlAppDist\DentalControlPHPAppDist\app\Controllers\Inventarios.php(192): CodeIgniter\BaseModel->delete(Array)
#6 D:\XAMPP\htdocs\DentalControlAppDist\DentalControlPHPAppDist\system\CodeIgniter.php(832): App\Controllers\Inventarios->borrarProducto()
#7 D:\XAMPP\htdocs\DentalControlAppDist\DentalControlPHPAppDist\system\CodeIgniter.php(419): CodeIgniter\CodeIgniter->runController(Object(App\Controllers\Inventarios))
#8 D:\XAMPP\htdocs\DentalControlAppDist\DentalControlPHPAppDist\system\CodeIgniter.php(326): CodeIgniter\CodeIgniter->handleRequest(NULL, Object(Config\Cache), false)
#9 D:\XAMPP\htdocs\DentalControlAppDist\DentalControlPHPAppDist\public\index.php(37): CodeIgniter\CodeIgniter->run()
#10 {main}
CRITICAL - 2022-06-21 11:17:18 --> Undefined array key "verb"
#0 D:\XAMPP\htdocs\DentalControlAppDist\DentalControlPHPAppDist\app\Controllers\Inventarios.php(174): CodeIgniter\Debug\Exceptions->errorHandler(2, 'Undefined array...', 'D:\\XAMPP\\htdocs...', 174)
#1 D:\XAMPP\htdocs\DentalControlAppDist\DentalControlPHPAppDist\system\CodeIgniter.php(832): App\Controllers\Inventarios->postBorrar()
#2 D:\XAMPP\htdocs\DentalControlAppDist\DentalControlPHPAppDist\system\CodeIgniter.php(419): CodeIgniter\CodeIgniter->runController(Object(App\Controllers\Inventarios))
#3 D:\XAMPP\htdocs\DentalControlAppDist\DentalControlPHPAppDist\system\CodeIgniter.php(326): CodeIgniter\CodeIgniter->handleRequest(NULL, Object(Config\Cache), false)
#4 D:\XAMPP\htdocs\DentalControlAppDist\DentalControlPHPAppDist\public\index.php(37): CodeIgniter\CodeIgniter->run()
#5 {main}
CRITICAL - 2022-06-21 11:18:00 --> Undefined array key "verb"
#0 D:\XAMPP\htdocs\DentalControlAppDist\DentalControlPHPAppDist\app\Controllers\Inventarios.php(174): CodeIgniter\Debug\Exceptions->errorHandler(2, 'Undefined array...', 'D:\\XAMPP\\htdocs...', 174)
#1 D:\XAMPP\htdocs\DentalControlAppDist\DentalControlPHPAppDist\system\CodeIgniter.php(832): App\Controllers\Inventarios->postBorrar()
#2 D:\XAMPP\htdocs\DentalControlAppDist\DentalControlPHPAppDist\system\CodeIgniter.php(419): CodeIgniter\CodeIgniter->runController(Object(App\Controllers\Inventarios))
#3 D:\XAMPP\htdocs\DentalControlAppDist\DentalControlPHPAppDist\system\CodeIgniter.php(326): CodeIgniter\CodeIgniter->handleRequest(NULL, Object(Config\Cache), false)
#4 D:\XAMPP\htdocs\DentalControlAppDist\DentalControlPHPAppDist\public\index.php(37): CodeIgniter\CodeIgniter->run()
#5 {main}
CRITICAL - 2022-06-21 11:18:12 --> Undefined array key "verb"
#0 D:\XAMPP\htdocs\DentalControlAppDist\DentalControlPHPAppDist\app\Controllers\Inventarios.php(174): CodeIgniter\Debug\Exceptions->errorHandler(2, 'Undefined array...', 'D:\\XAMPP\\htdocs...', 174)
#1 D:\XAMPP\htdocs\DentalControlAppDist\DentalControlPHPAppDist\system\CodeIgniter.php(832): App\Controllers\Inventarios->postBorrar()
#2 D:\XAMPP\htdocs\DentalControlAppDist\DentalControlPHPAppDist\system\CodeIgniter.php(419): CodeIgniter\CodeIgniter->runController(Object(App\Controllers\Inventarios))
#3 D:\XAMPP\htdocs\DentalControlAppDist\DentalControlPHPAppDist\system\CodeIgniter.php(326): CodeIgniter\CodeIgniter->handleRequest(NULL, Object(Config\Cache), false)
#4 D:\XAMPP\htdocs\DentalControlAppDist\DentalControlPHPAppDist\public\index.php(37): CodeIgniter\CodeIgniter->run()
#5 {main}
CRITICAL - 2022-06-21 11:19:39 --> Undefined array key "metodo"
#0 D:\XAMPP\htdocs\DentalControlAppDist\DentalControlPHPAppDist\app\Controllers\Inventarios.php(174): CodeIgniter\Debug\Exceptions->errorHandler(2, 'Undefined array...', 'D:\\XAMPP\\htdocs...', 174)
#1 D:\XAMPP\htdocs\DentalControlAppDist\DentalControlPHPAppDist\system\CodeIgniter.php(832): App\Controllers\Inventarios->postBorrar()
#2 D:\XAMPP\htdocs\DentalControlAppDist\DentalControlPHPAppDist\system\CodeIgniter.php(419): CodeIgniter\CodeIgniter->runController(Object(App\Controllers\Inventarios))
#3 D:\XAMPP\htdocs\DentalControlAppDist\DentalControlPHPAppDist\system\CodeIgniter.php(326): CodeIgniter\CodeIgniter->handleRequest(NULL, Object(Config\Cache), false)
#4 D:\XAMPP\htdocs\DentalControlAppDist\DentalControlPHPAppDist\public\index.php(37): CodeIgniter\CodeIgniter->run()
#5 {main}
